#
# A fatal error has been detected by the Java Runtime Environment:
#
#  EXCEPTION_ACCESS_VIOLATION (0xc0000005) at pc=0x0000000077383290, pid=6088, tid=4244
#
# JRE version: Java(TM) SE Runtime Environment (7.0_45-b18) (build 1.7.0_45-b18)
# Java VM: Java HotSpot(TM) 64-Bit Server VM (24.45-b08 mixed mode windows-amd64 compressed oops)
# Problematic frame:
# C  [ntdll.dll+0x53290]
#
# Failed to write core dump. Minidumps are not enabled by default on client versions of Windows
#
# If you would like to submit a bug report, please visit:
#   http://bugreport.sun.com/bugreport/crash.jsp
#

---------------  T H R E A D  ---------------

Current thread (0x000000000c514800):  JavaThread "JDWP Transport Listener: dt_socket" daemon [_thread_in_vm, id=4244, stack(0x000000000cb80000,0x000000000cc80000)]

siginfo: ExceptionCode=0xc0000005, reading address 0x00000d042fc3d848

Registers:
RAX=0x000000000c89e180, RBX=0x00000d042fc3d840, RCX=0x000000ffffffffff, RDX=0x000000000d805bf0
RSP=0x000000000cc7f570, RBP=0x0000000000000000, RSI=0x00000000004f0000, RDI=0x000000000d805c00
R8 =0x000000000d805c00, R9 =0x0000000000000700, R10=0x0000000000000000, R11=0x000000000cc7f98a
R12=0x0000000000000000, R13=0x000000000ad305b8, R14=0x0000000000000000, R15=0x0000000000000000
RIP=0x0000000077383290, EFLAGS=0x0000000000010202

Top of Stack: (sp=0x000000000cc7f570)
0x000000000cc7f570:   0000000000000000 0000000063963905
0x000000000cc7f580:   0000000000000000 0000000000000000
0x000000000cc7f590:   00000000024d9c00 000000006395d365
0x000000000cc7f5a0:   0000000000000000 00000000638a63fd
0x000000000cc7f5b0:   0000000000000000 0000000000000000
0x000000000cc7f5c0:   000000000ad305b8 0000000000000000
0x000000000cc7f5d0:   00000000004fdee0 000000000d805c00
0x000000000cc7f5e0:   000000000cc7f750 0000000076b11a4a
0x000000000cc7f5f0:   000000000c51c040 000000000c514800
0x000000000cc7f600:   000000000ad305b8 000000000d805bd0
0x000000000cc7f610:   0000000000000000 0000000063fc8d94
0x000000000cc7f620:   00000000004fdee0 000000000cc7f720
0x000000000cc7f630:   0000000000000000 000000000ad305b8
0x000000000cc7f640:   000000000c514800 0000000063900ac9
0x000000000cc7f650:   000000000c514800 0000000066518e89
0x000000000cc7f660:   000000000c514800 0000000000000004 

Instructions: (pc=0x0000000077383290)
0x0000000077383270:   ff ff 00 00 00 48 33 de 48 23 c1 48 c1 eb 04 48
0x0000000077383280:   33 d8 48 33 1d 3f f1 0d 00 48 c1 e3 04 0f 0d 0b
0x0000000077383290:   4c 8b 63 08 49 bd 01 00 00 00 01 00 00 00 49 be
0x00000000773832a0:   ff 7f 00 00 ff ff ff ff c6 42 0f 80 c6 42 0e 00 


Register to memory mapping:

RAX=0x000000000c89e180 is a weak global jni handle
RBX=0x00000d042fc3d840 is an unknown value
RCX=0x000000ffffffffff is an unknown value
RDX=0x000000000d805bf0 is an unknown value
RSP=0x000000000cc7f570 is pointing into the stack for thread: 0x000000000c514800
RBP=0x0000000000000000 is an unknown value
RSI=0x00000000004f0000 is an unknown value
RDI=0x000000000d805c00 is an unknown value
R8 =0x000000000d805c00 is an unknown value
R9 =0x0000000000000700 is an unknown value
R10=0x0000000000000000 is an unknown value
R11=0x000000000cc7f98a is pointing into the stack for thread: 0x000000000c514800
R12=0x0000000000000000 is an unknown value
R13=0x000000000ad305b8 is an unknown value
R14=0x0000000000000000 is an unknown value
R15=0x0000000000000000 is an unknown value


Stack: [0x000000000cb80000,0x000000000cc80000],  sp=0x000000000cc7f570,  free space=1021k
Native frames: (J=compiled Java code, j=interpreted, Vv=VM code, C=native code)
C  [ntdll.dll+0x53290]

[error occurred during error reporting (printing native stack), id 0xc0000005]


---------------  P R O C E S S  ---------------

Java Threads: ( => current thread )
  0x00000000024dc000 JavaThread "DestroyJavaVM" [_thread_blocked, id=3792, stack(0x0000000002810000,0x0000000002910000)]
  0x000000000d9ad000 JavaThread "pool-1-thread-1" [_thread_blocked, id=1980, stack(0x000000000d3e0000,0x000000000d4e0000)]
  0x000000000c543800 JavaThread "Service Thread" daemon [_thread_blocked, id=4168, stack(0x000000000d2c0000,0x000000000d3c0000)]
  0x000000000c539800 JavaThread "C2 CompilerThread1" daemon [_thread_blocked, id=5332, stack(0x000000000d1b0000,0x000000000d2b0000)]
  0x000000000c535000 JavaThread "C2 CompilerThread0" daemon [_thread_blocked, id=5976, stack(0x000000000d0a0000,0x000000000d1a0000)]
  0x000000000c524800 JavaThread "JDWP Command Reader" daemon [_thread_in_native, id=3524, stack(0x000000000cee0000,0x000000000cfe0000)]
  0x000000000c521000 JavaThread "JDWP Event Helper Thread" daemon [_thread_blocked, id=5964, stack(0x000000000cd60000,0x000000000ce60000)]
=>0x000000000c514800 JavaThread "JDWP Transport Listener: dt_socket" daemon [_thread_in_vm, id=4244, stack(0x000000000cb80000,0x000000000cc80000)]
  0x000000000ad8c000 JavaThread "Attach Listener" daemon [_thread_blocked, id=5412, stack(0x000000000bd90000,0x000000000be90000)]
  0x000000000ad89000 JavaThread "Signal Dispatcher" daemon [_thread_blocked, id=6040, stack(0x000000000c410000,0x000000000c510000)]
  0x000000000ad17000 JavaThread "Finalizer" daemon [_thread_blocked, id=2452, stack(0x000000000c260000,0x000000000c360000)]
  0x000000000ad10000 JavaThread "Reference Handler" daemon [_thread_blocked, id=3316, stack(0x000000000c130000,0x000000000c230000)]

Other Threads:
  0x000000000ad0c800 VMThread [stack: 0x000000000beb0000,0x000000000bfb0000] [id=3900]
  0x000000000c591000 WatcherThread [stack: 0x000000000d590000,0x000000000d690000] [id=4188]

VM state:not at safepoint (normal execution)

VM Mutex/Monitor currently owned by a thread: None

Heap
 PSYoungGen      total 38400K, used 29461K [0x00000007d5e00000, 0x00000007d8880000, 0x0000000800000000)
  eden space 33280K, 88% used [0x00000007d5e00000,0x00000007d7ac57f8,0x00000007d7e80000)
  from space 5120K, 0% used [0x00000007d8380000,0x00000007d8380000,0x00000007d8880000)
  to   space 5120K, 0% used [0x00000007d7e80000,0x00000007d7e80000,0x00000007d8380000)
 ParOldGen       total 86016K, used 0K [0x0000000781a00000, 0x0000000786e00000, 0x00000007d5e00000)
  object space 86016K, 0% used [0x0000000781a00000,0x0000000781a00000,0x0000000786e00000)
 PSPermGen       total 21504K, used 10327K [0x000000077c800000, 0x000000077dd00000, 0x0000000781a00000)
  object space 21504K, 48% used [0x000000077c800000,0x000000077d215de8,0x000000077dd00000)

Card table byte_map: [0x0000000005910000,0x0000000005d30000] byte_map_base: 0x0000000001d2c000

Polling page: 0x0000000000330000

Code Cache  [0x0000000002910000, 0x0000000002b80000, 0x0000000005910000)
 total_blobs=341 nmethods=77 adapters=224 free_code_cache=48490Kb largest_free_block=49628224

Compilation events (10 events):
Event: 2.732 Thread 0x000000000c535000 nmethod 71 0x00000000029b7510 code [0x00000000029b76a0, 0x00000000029b8548]
Event: 2.736 Thread 0x000000000c539800 nmethod 74 0x00000000029a54d0 code [0x00000000029a5620, 0x00000000029a5bd8]
Event: 2.744 Thread 0x000000000c535000   75             java.util.HashMap::put (142 bytes)
Event: 2.744 Thread 0x000000000c539800   76             java.util.HashMap::getEntry (86 bytes)
Event: 2.746 Thread 0x000000000c539800 nmethod 76 0x00000000029b55d0 code [0x00000000029b5740, 0x00000000029b5988]
Event: 2.746 Thread 0x000000000c539800   77             java.lang.StringBuilder::append (8 bytes)
Event: 2.747 Thread 0x000000000c539800 nmethod 77 0x00000000029a3ad0 code [0x00000000029a3c20, 0x00000000029a3dc8]
Event: 2.747 Thread 0x000000000c539800   78             org.codehaus.jackson.util.CharTypes::appendQuoted (145 bytes)
Event: 2.747 Thread 0x000000000c535000 nmethod 75 0x000000000298d910 code [0x000000000298db00, 0x000000000298e070]
Event: 2.750 Thread 0x000000000c539800 nmethod 78 0x00000000029bac90 code [0x00000000029bae60, 0x00000000029bb430]

GC Heap History (0 events):
No events

Deoptimization events (5 events):
Event: 0.278 Thread 0x00000000024dc000 Uncommon trap: reason=null_check action=make_not_entrant pc=0x000000000298e958 method=java.lang.String.equals(Ljava/lang/Object;)Z @ 8
Event: 2.613 Thread 0x000000000d9ad000 Uncommon trap: reason=class_check action=maybe_recompile pc=0x000000000299c23c method=java.lang.String.equals(Ljava/lang/Object;)Z @ 8
Event: 2.613 Thread 0x000000000d9ad000 Uncommon trap: reason=class_check action=maybe_recompile pc=0x000000000299c23c method=java.lang.String.equals(Ljava/lang/Object;)Z @ 8
Event: 2.734 Thread 0x000000000d9ad000 Uncommon trap: reason=unreached action=reinterpret pc=0x00000000029b40ac method=org.codehaus.jackson.sym.CharsToNameCanonicalizer.findSymbol([CIII)Ljava/lang/String; @ 125
Event: 2.734 Thread 0x000000000d9ad000 Uncommon trap: reason=unreached action=reinterpret pc=0x00000000029b84d8 method=org.codehaus.jackson.sym.CharsToNameCanonicalizer.findSymbol([CIII)Ljava/lang/String; @ 45

Internal exceptions (10 events):
Event: 2.709 Thread 0x000000000d9ad000 Threw 0x00000007d7936858 at C:\re\jdk7u45\229\hotspot\src\share\vm\prims\jvm.cpp:1244
Event: 2.709 Thread 0x000000000d9ad000 Threw 0x00000007d793f6a8 at C:\re\jdk7u45\229\hotspot\src\share\vm\prims\jvm.cpp:1244
Event: 2.710 Thread 0x000000000d9ad000 Threw 0x00000007d794a2b0 at C:\re\jdk7u45\229\hotspot\src\share\vm\prims\jvm.cpp:1244
Event: 2.710 Thread 0x000000000d9ad000 Threw 0x00000007d7951ec0 at C:\re\jdk7u45\229\hotspot\src\share\vm\prims\jvm.cpp:1244
Event: 2.712 Thread 0x000000000d9ad000 Threw 0x00000007d7962be0 at C:\re\jdk7u45\229\hotspot\src\share\vm\prims\jvm.cpp:1244
Event: 2.713 Thread 0x000000000d9ad000 Threw 0x00000007d796c228 at C:\re\jdk7u45\229\hotspot\src\share\vm\prims\jvm.cpp:1244
Event: 2.725 Thread 0x000000000d9ad000 Threw 0x00000007d79b4570 at C:\re\jdk7u45\229\hotspot\src\share\vm\prims\jvm.cpp:1244
Event: 2.734 Thread 0x000000000d9ad000 Implicit null exception at 0x00000000029b7729 to 0x00000000029b84ad
Event: 2.734 Thread 0x000000000d9ad000 Threw 0x00000007d79fd300 at C:\re\jdk7u45\229\hotspot\src\share\vm\prims\jvm.cpp:1244
Event: 2.750 Thread 0x000000000d9ad000 Threw 0x00000007d7a704c8 at C:\re\jdk7u45\229\hotspot\src\share\vm\prims\jvm.cpp:1244

Events (10 events):
Event: 14979.173 Executing VM operation: RedefineClasses
Event: 14979.174 Executing VM operation: RedefineClasses done
Event: 14979.178 Executing VM operation: ChangeBreakpoints
Event: 14979.178 Executing VM operation: ChangeBreakpoints done
Event: 15049.007 Executing VM operation: RedefineClasses
Event: 15049.008 Executing VM operation: RedefineClasses done
Event: 15049.013 Executing VM operation: ChangeBreakpoints
Event: 15049.013 Executing VM operation: ChangeBreakpoints done
Event: 15070.343 Executing VM operation: RedefineClasses
Event: 15070.344 Executing VM operation: RedefineClasses done


Dynamic libraries:
0x000000013f220000 - 0x000000013f253000 	C:\Program Files\Java\jre7\bin\javaw.exe
0x0000000077330000 - 0x00000000774d9000 	C:\windows\SYSTEM32\ntdll.dll
0x0000000076af0000 - 0x0000000076c0f000 	C:\windows\system32\kernel32.dll
0x000007fefd620000 - 0x000007fefd68c000 	C:\windows\system32\KERNELBASE.dll
0x000007fefde40000 - 0x000007fefdf1b000 	C:\windows\system32\ADVAPI32.dll
0x000007fefe220000 - 0x000007fefe2bf000 	C:\windows\system32\msvcrt.dll
0x000007fefdf20000 - 0x000007fefdf3f000 	C:\windows\SYSTEM32\sechost.dll
0x000007fefdd10000 - 0x000007fefde3d000 	C:\windows\system32\RPCRT4.dll
0x0000000076eb0000 - 0x0000000076faa000 	C:\windows\system32\USER32.dll
0x000007fefdbf0000 - 0x000007fefdc57000 	C:\windows\system32\GDI32.dll
0x000007fefe210000 - 0x000007fefe21e000 	C:\windows\system32\LPK.dll
0x000007fefdad0000 - 0x000007fefdb99000 	C:\windows\system32\USP10.dll
0x000007fefbd20000 - 0x000007fefbf14000 	C:\windows\WinSxS\amd64_microsoft.windows.common-controls_6595b64144ccf1df_6.0.7601.17514_none_fa396087175ac9ac\COMCTL32.dll
0x000007fefdf50000 - 0x000007fefdfc1000 	C:\windows\system32\SHLWAPI.dll
0x000007fefdce0000 - 0x000007fefdd0e000 	C:\windows\system32\IMM32.DLL
0x000007feff260000 - 0x000007feff369000 	C:\windows\system32\MSCTF.dll
0x0000000063f60000 - 0x0000000064032000 	C:\Program Files\Java\jre7\bin\msvcr100.dll
0x0000000063790000 - 0x0000000063f59000 	C:\Program Files\Java\jre7\bin\server\jvm.dll
0x000007fefad10000 - 0x000007fefad19000 	C:\windows\system32\WSOCK32.dll
0x000007fefdba0000 - 0x000007fefdbed000 	C:\windows\system32\WS2_32.dll
0x000007fefdf40000 - 0x000007fefdf48000 	C:\windows\system32\NSI.dll
0x000007fefd6f0000 - 0x000007fefd72b000 	C:\windows\system32\WINMM.dll
0x00000000774f0000 - 0x00000000774f7000 	C:\windows\system32\PSAPI.DLL
0x0000000064110000 - 0x000000006411f000 	C:\Program Files\Java\jre7\bin\verify.dll
0x00000000640e0000 - 0x0000000064108000 	C:\Program Files\Java\jre7\bin\java.dll
0x0000000066500000 - 0x0000000066535000 	C:\Program Files\Java\jre7\bin\jdwp.dll
0x0000000066b40000 - 0x0000000066b48000 	C:\Program Files\Java\jre7\bin\npt.dll
0x00000000640c0000 - 0x00000000640d5000 	C:\Program Files\Java\jre7\bin\zip.dll
0x0000000066b30000 - 0x0000000066b39000 	C:\Program Files\Java\jre7\bin\dt_socket.dll
0x000007fefc420000 - 0x000007fefc435000 	C:\windows\system32\NLAapi.dll
0x000007fef9f60000 - 0x000007fef9f75000 	C:\windows\system32\napinsp.dll
0x000007fef9d00000 - 0x000007fef9d19000 	C:\windows\system32\pnrpnsp.dll
0x000007fefcd90000 - 0x000007fefcde5000 	C:\windows\System32\mswsock.dll
0x000007fefcc10000 - 0x000007fefcc6b000 	C:\windows\system32\DNSAPI.dll
0x000007fef9cf0000 - 0x000007fef9cfb000 	C:\windows\System32\winrnr.dll
0x000007fefaeb0000 - 0x000007fefaed7000 	C:\windows\system32\IPHLPAPI.DLL
0x000007fefae40000 - 0x000007fefae4b000 	C:\windows\system32\WINNSI.DLL
0x000007fefa9c0000 - 0x000007fefaa13000 	C:\windows\System32\fwpuclnt.dll
0x000007fef92e0000 - 0x000007fef92e8000 	C:\windows\system32\rasadhlp.dll
0x000007fefc790000 - 0x000007fefc797000 	C:\windows\System32\wshtcpip.dll
0x00000000640a0000 - 0x00000000640b9000 	C:\Program Files\Java\jre7\bin\net.dll
0x000007fefcd80000 - 0x000007fefcd87000 	C:\windows\System32\wship6.dll
0x0000000064080000 - 0x0000000064091000 	C:\Program Files\Java\jre7\bin\nio.dll
0x000007fefa030000 - 0x000007fefa155000 	C:\windows\system32\dbghelp.dll

VM Arguments:
jvm_args: -agentlib:jdwp=transport=dt_socket,suspend=y,address=localhost:50210 -Dfile.encoding=UTF-8 
java_command: com.missionsky.scp.dataadapter.Main
Launcher Type: SUN_STANDARD

Environment Variables:
JAVA_HOME=D:\JDk
CLASSPATH=.D:\JDk\lib;D:\JDk\lib\tools.jar;
PATH=C:\windows\system32;C:\windows;C:\windows\System32\Wbem;C:\windowsJAVA_HOME\bin;JAVA_HOME\jre\bin;ATALINA_HOME\bin;\System32\WindowsPowerShell\v1.0\ \C:\Program Files\TortoiseGit\bin;D:\apache-maven-3.0.5\bin;HADOOP_HOME\bin;
USERNAME=Administrator
OS=Windows_NT
PROCESSOR_IDENTIFIER=Intel64 Family 6 Model 60 Stepping 3, GenuineIntel



---------------  S Y S T E M  ---------------

OS: Windows 7 , 64 bit Build 7601 Service Pack 1

CPU:total 4 (4 cores per cpu, 1 threads per core) family 6 model 60 stepping 3, cmov, cx8, fxsr, mmx, sse, sse2, sse3, ssse3, sse4.1, sse4.2, popcnt, avx, avx2, aes, erms, tsc, tscinvbit

Memory: 4k page, physical 8279660k(3737064k free), swap 16557456k(10112760k free)

vm_info: Java HotSpot(TM) 64-Bit Server VM (24.45-b08) for windows-amd64 JRE (1.7.0_45-b18), built on Oct  8 2013 05:47:22 by "java_re" with unknown MS VC++:1600

time: Mon Oct 20 13:58:54 2014
elapsed time: 15070 seconds

