#
# A fatal error has been detected by the Java Runtime Environment:
#
#  EXCEPTION_ACCESS_VIOLATION (0xc0000005) at pc=0x00000000638d248b, pid=5720, tid=3960
#
# JRE version: Java(TM) SE Runtime Environment (7.0_45-b18) (build 1.7.0_45-b18)
# Java VM: Java HotSpot(TM) 64-Bit Server VM (24.45-b08 mixed mode windows-amd64 compressed oops)
# Problematic frame:
# V  [jvm.dll+0x14248b]
#
# Failed to write core dump. Minidumps are not enabled by default on client versions of Windows
#
# If you would like to submit a bug report, please visit:
#   http://bugreport.sun.com/bugreport/crash.jsp
#

---------------  T H R E A D  ---------------

Current thread (0x000000000c562800):  JavaThread "JDWP Transport Listener: dt_socket" daemon [_thread_in_vm, id=3960, stack(0x000000000cdc0000,0x000000000cec0000)]

siginfo: ExceptionCode=0xc0000005, reading address 0xffffffffffffffff

Registers:
RAX=0x000000000cebf301, RBX=0x000000000c562800, RCX=0x694c657475626972, RDX=0x0000000000000000
RSP=0x000000000cebf350, RBP=0x694c657475626972, RSI=0x000000000cebf468, RDI=0x00000000027fd5a0
R8 =0x000000000c562800, R9 =0x000010ab00380007, R10=0x0000000000000000, R11=0x000000000cebf5c4
R12=0x0000000000000000, R13=0x000000000af049c8, R14=0x0000000000000000, R15=0x0000000000000000
RIP=0x00000000638d248b, EFLAGS=0x0000000000010206

Top of Stack: (sp=0x000000000cebf350)
0x000000000cebf350:   000000000c562800 0000000000000004
0x000000000cebf360:   000000000cebf418 0000000063a71039
0x000000000cebf370:   000000000c562800 0000000063a8ebe2
0x000000000cebf380:   0000000000000000 0000000066518e89
0x000000000cebf390:   000000000d770918 000000006652265a
0x000000000cebf3a0:   000000000c562800 0000000000000000
0x000000000cebf3b0:   0000000000000000 0000000000000000
0x000000000cebf3c0:   694c657475626972 0000000066521751
0x000000000cebf3d0:   000000000cebf468 000000000cebf440
0x000000000cebf3e0:   0000000000000001 000000000d770918
0x000000000cebf3f0:   694c657475626972 00000000665053b3
0x000000000cebf400:   000000000cebf530 0000000000000001
0x000000000cebf410:   0000000000000001 000000000d770918
0x000000000cebf420:   0000000000000002 0000000000000000
0x000000000cebf430:   0000000000000000 0000000000000000
0x000000000cebf440:   0000000000000001 0000000066505571 

Instructions: (pc=0x00000000638d248b)
0x00000000638d246b:   48 8b 5c 24 30 48 89 47 18 48 83 c4 20 5f c3 cc
0x00000000638d247b:   cc cc cc cc cc 40 53 48 83 ec 20 48 85 c9 74 54
0x00000000638d248b:   48 8b 19 48 85 db 74 4c 48 b8 fe fe fe fe fe fe
0x00000000638d249b:   fe fe 48 3b d8 74 3d 80 3d 8f 87 60 00 00 74 15 


Register to memory mapping:

RAX=0x000000000cebf301 is pointing into the stack for thread: 0x000000000c562800
RBX=0x000000000c562800 is a thread
RCX=0x694c657475626972 is an unknown value
RDX=0x0000000000000000 is an unknown value
RSP=0x000000000cebf350 is pointing into the stack for thread: 0x000000000c562800
RBP=0x694c657475626972 is an unknown value
RSI=0x000000000cebf468 is pointing into the stack for thread: 0x000000000c562800
RDI=0x00000000027fd5a0 is an unknown value
R8 =0x000000000c562800 is a thread
R9 =0x000010ab00380007 is an unknown value
R10=0x0000000000000000 is an unknown value
R11=0x000000000cebf5c4 is pointing into the stack for thread: 0x000000000c562800
R12=0x0000000000000000 is an unknown value
R13=0x000000000af049c8 is an unknown value
R14=0x0000000000000000 is an unknown value
R15=0x0000000000000000 is an unknown value


Stack: [0x000000000cdc0000,0x000000000cec0000],  sp=0x000000000cebf350,  free space=1020k
Native frames: (J=compiled Java code, j=interpreted, Vv=VM code, C=native code)
V  [jvm.dll+0x14248b]


---------------  P R O C E S S  ---------------

Java Threads: ( => current thread )
  0x000000000056b000 JavaThread "DestroyJavaVM" [_thread_blocked, id=4988, stack(0x00000000028f0000,0x00000000029f0000)]
  0x000000000d939000 JavaThread "pool-1-thread-1" [_thread_blocked, id=4764, stack(0x000000000df50000,0x000000000e050000)]
  0x000000000c58e000 JavaThread "Service Thread" daemon [_thread_blocked, id=4144, stack(0x000000000d350000,0x000000000d450000)]
  0x000000000c584800 JavaThread "C2 CompilerThread1" daemon [_thread_blocked, id=2856, stack(0x000000000d1e0000,0x000000000d2e0000)]
  0x000000000c580000 JavaThread "C2 CompilerThread0" daemon [_thread_blocked, id=1056, stack(0x000000000d0c0000,0x000000000d1c0000)]
  0x000000000c56f800 JavaThread "JDWP Command Reader" daemon [_thread_in_native, id=1648, stack(0x000000000cf60000,0x000000000d060000)]
  0x000000000c56e800 JavaThread "JDWP Event Helper Thread" daemon [_thread_blocked, id=4508, stack(0x000000000cbe0000,0x000000000cce0000)]
=>0x000000000c562800 JavaThread "JDWP Transport Listener: dt_socket" daemon [_thread_in_vm, id=3960, stack(0x000000000cdc0000,0x000000000cec0000)]
  0x000000000af0a000 JavaThread "Attach Listener" daemon [_thread_blocked, id=4152, stack(0x000000000c460000,0x000000000c560000)]
  0x000000000af03000 JavaThread "Signal Dispatcher" daemon [_thread_blocked, id=4888, stack(0x000000000c2d0000,0x000000000c3d0000)]
  0x000000000ae9b800 JavaThread "Finalizer" daemon [_thread_blocked, id=1148, stack(0x000000000c070000,0x000000000c170000)]
  0x000000000ae95000 JavaThread "Reference Handler" daemon [_thread_blocked, id=4176, stack(0x000000000bf40000,0x000000000c040000)]

Other Threads:
  0x000000000ae8f800 VMThread [stack: 0x000000000bd10000,0x000000000be10000] [id=5156]
  0x000000000c5d6800 WatcherThread [stack: 0x000000000d4f0000,0x000000000d5f0000] [id=1780]

VM state:not at safepoint (normal execution)

VM Mutex/Monitor currently owned by a thread: None

Heap
 PSYoungGen      total 38400K, used 31469K [0x00000007d5e00000, 0x00000007d8880000, 0x0000000800000000)
  eden space 33280K, 94% used [0x00000007d5e00000,0x00000007d7cbb618,0x00000007d7e80000)
  from space 5120K, 0% used [0x00000007d8380000,0x00000007d8380000,0x00000007d8880000)
  to   space 5120K, 0% used [0x00000007d7e80000,0x00000007d7e80000,0x00000007d8380000)
 ParOldGen       total 86016K, used 0K [0x0000000781a00000, 0x0000000786e00000, 0x00000007d5e00000)
  object space 86016K, 0% used [0x0000000781a00000,0x0000000781a00000,0x0000000786e00000)
 PSPermGen       total 21504K, used 10000K [0x000000077c800000, 0x000000077dd00000, 0x0000000781a00000)
  object space 21504K, 46% used [0x000000077c800000,0x000000077d1c43e8,0x000000077dd00000)

Card table byte_map: [0x00000000059f0000,0x0000000005e10000] byte_map_base: 0x0000000001e0c000

Polling page: 0x0000000000630000

Code Cache  [0x00000000029f0000, 0x0000000002c60000, 0x00000000059f0000)
 total_blobs=343 nmethods=79 adapters=224 free_code_cache=48474Kb largest_free_block=49617600

Compilation events (10 events):
Event: 3.003 Thread 0x000000000c580000 nmethod 72 0x0000000002a9add0 code [0x0000000002a9af60, 0x0000000002a9be08]
Event: 3.008 Thread 0x000000000c584800 nmethod 75 0x0000000002a935d0 code [0x0000000002a93720, 0x0000000002a93cd8]
Event: 3.016 Thread 0x000000000c580000   76             java.util.HashMap::getEntry (86 bytes)
Event: 3.016 Thread 0x000000000c584800   77             java.util.HashMap::put (142 bytes)
Event: 3.018 Thread 0x000000000c580000 nmethod 76 0x0000000002a98e90 code [0x0000000002a99000, 0x0000000002a99248]
Event: 3.018 Thread 0x000000000c580000   78             java.lang.StringBuilder::append (8 bytes)
Event: 3.019 Thread 0x000000000c580000 nmethod 78 0x0000000002a989d0 code [0x0000000002a98b20, 0x0000000002a98cc8]
Event: 3.019 Thread 0x000000000c580000   79             org.codehaus.jackson.util.CharTypes::appendQuoted (145 bytes)
Event: 3.019 Thread 0x000000000c584800 nmethod 77 0x0000000002a9a210 code [0x0000000002a9a3e0, 0x0000000002a9a960]
Event: 3.022 Thread 0x000000000c580000 nmethod 79 0x0000000002a925d0 code [0x0000000002a927a0, 0x0000000002a92d70]

GC Heap History (0 events):
No events

Deoptimization events (5 events):
Event: 0.410 Thread 0x000000000056b000 Uncommon trap: reason=null_check action=make_not_entrant pc=0x0000000002a701d8 method=java.lang.String.equals(Ljava/lang/Object;)Z @ 8
Event: 2.883 Thread 0x000000000d939000 Uncommon trap: reason=class_check action=maybe_recompile pc=0x0000000002a7c084 method=java.lang.String.equals(Ljava/lang/Object;)Z @ 8
Event: 2.883 Thread 0x000000000d939000 Uncommon trap: reason=class_check action=maybe_recompile pc=0x0000000002a7c084 method=java.lang.String.equals(Ljava/lang/Object;)Z @ 8
Event: 3.006 Thread 0x000000000d939000 Uncommon trap: reason=unreached action=reinterpret pc=0x0000000002a90eac method=org.codehaus.jackson.sym.CharsToNameCanonicalizer.findSymbol([CIII)Ljava/lang/String; @ 125
Event: 3.006 Thread 0x000000000d939000 Uncommon trap: reason=unreached action=reinterpret pc=0x0000000002a9bd98 method=org.codehaus.jackson.sym.CharsToNameCanonicalizer.findSymbol([CIII)Ljava/lang/String; @ 45

Internal exceptions (10 events):
Event: 2.981 Thread 0x000000000d939000 Threw 0x00000007d7b699f8 at C:\re\jdk7u45\229\hotspot\src\share\vm\prims\jvm.cpp:1244
Event: 2.981 Thread 0x000000000d939000 Threw 0x00000007d7b73e30 at C:\re\jdk7u45\229\hotspot\src\share\vm\prims\jvm.cpp:1244
Event: 2.982 Thread 0x000000000d939000 Threw 0x00000007d7b7fa10 at C:\re\jdk7u45\229\hotspot\src\share\vm\prims\jvm.cpp:1244
Event: 2.982 Thread 0x000000000d939000 Threw 0x00000007d7b88660 at C:\re\jdk7u45\229\hotspot\src\share\vm\prims\jvm.cpp:1244
Event: 2.984 Thread 0x000000000d939000 Threw 0x00000007d7b9a970 at C:\re\jdk7u45\229\hotspot\src\share\vm\prims\jvm.cpp:1244
Event: 2.985 Thread 0x000000000d939000 Threw 0x00000007d7ba4f90 at C:\re\jdk7u45\229\hotspot\src\share\vm\prims\jvm.cpp:1244
Event: 2.997 Thread 0x000000000d939000 Threw 0x00000007d7bee3d8 at C:\re\jdk7u45\229\hotspot\src\share\vm\prims\jvm.cpp:1244
Event: 3.006 Thread 0x000000000d939000 Implicit null exception at 0x0000000002a9afe9 to 0x0000000002a9bd6d
Event: 3.006 Thread 0x000000000d939000 Threw 0x00000007d7c37180 at C:\re\jdk7u45\229\hotspot\src\share\vm\prims\jvm.cpp:1244
Event: 3.022 Thread 0x000000000d939000 Threw 0x00000007d7cab310 at C:\re\jdk7u45\229\hotspot\src\share\vm\prims\jvm.cpp:1244

Events (10 events):
Event: 14122.253 Executing VM operation: RedefineClasses
Event: 14122.254 Executing VM operation: RedefineClasses done
Event: 14122.258 Executing VM operation: ChangeBreakpoints
Event: 14122.259 Executing VM operation: ChangeBreakpoints done
Event: 14192.088 Executing VM operation: RedefineClasses
Event: 14192.089 Executing VM operation: RedefineClasses done
Event: 14192.092 Executing VM operation: ChangeBreakpoints
Event: 14192.093 Executing VM operation: ChangeBreakpoints done
Event: 14213.556 Executing VM operation: RedefineClasses
Event: 14213.557 Executing VM operation: RedefineClasses done


Dynamic libraries:
0x000000013f220000 - 0x000000013f253000 	C:\Program Files\Java\jre7\bin\javaw.exe
0x0000000077330000 - 0x00000000774d9000 	C:\windows\SYSTEM32\ntdll.dll
0x0000000076af0000 - 0x0000000076c0f000 	C:\windows\system32\kernel32.dll
0x000007fefd620000 - 0x000007fefd68c000 	C:\windows\system32\KERNELBASE.dll
0x000007fefde40000 - 0x000007fefdf1b000 	C:\windows\system32\ADVAPI32.dll
0x000007fefe220000 - 0x000007fefe2bf000 	C:\windows\system32\msvcrt.dll
0x000007fefdf20000 - 0x000007fefdf3f000 	C:\windows\SYSTEM32\sechost.dll
0x000007fefdd10000 - 0x000007fefde3d000 	C:\windows\system32\RPCRT4.dll
0x0000000076eb0000 - 0x0000000076faa000 	C:\windows\system32\USER32.dll
0x000007fefdbf0000 - 0x000007fefdc57000 	C:\windows\system32\GDI32.dll
0x000007fefe210000 - 0x000007fefe21e000 	C:\windows\system32\LPK.dll
0x000007fefdad0000 - 0x000007fefdb99000 	C:\windows\system32\USP10.dll
0x000007fefbd20000 - 0x000007fefbf14000 	C:\windows\WinSxS\amd64_microsoft.windows.common-controls_6595b64144ccf1df_6.0.7601.17514_none_fa396087175ac9ac\COMCTL32.dll
0x000007fefdf50000 - 0x000007fefdfc1000 	C:\windows\system32\SHLWAPI.dll
0x000007fefdce0000 - 0x000007fefdd0e000 	C:\windows\system32\IMM32.DLL
0x000007feff260000 - 0x000007feff369000 	C:\windows\system32\MSCTF.dll
0x0000000063f60000 - 0x0000000064032000 	C:\Program Files\Java\jre7\bin\msvcr100.dll
0x0000000063790000 - 0x0000000063f59000 	C:\Program Files\Java\jre7\bin\server\jvm.dll
0x000007fefad10000 - 0x000007fefad19000 	C:\windows\system32\WSOCK32.dll
0x000007fefdba0000 - 0x000007fefdbed000 	C:\windows\system32\WS2_32.dll
0x000007fefdf40000 - 0x000007fefdf48000 	C:\windows\system32\NSI.dll
0x000007fefd6f0000 - 0x000007fefd72b000 	C:\windows\system32\WINMM.dll
0x00000000774f0000 - 0x00000000774f7000 	C:\windows\system32\PSAPI.DLL
0x0000000064110000 - 0x000000006411f000 	C:\Program Files\Java\jre7\bin\verify.dll
0x00000000640e0000 - 0x0000000064108000 	C:\Program Files\Java\jre7\bin\java.dll
0x0000000066500000 - 0x0000000066535000 	C:\Program Files\Java\jre7\bin\jdwp.dll
0x0000000066b40000 - 0x0000000066b48000 	C:\Program Files\Java\jre7\bin\npt.dll
0x00000000640c0000 - 0x00000000640d5000 	C:\Program Files\Java\jre7\bin\zip.dll
0x0000000066b30000 - 0x0000000066b39000 	C:\Program Files\Java\jre7\bin\dt_socket.dll
0x000007fefc420000 - 0x000007fefc435000 	C:\windows\system32\NLAapi.dll
0x000007fef9f60000 - 0x000007fef9f75000 	C:\windows\system32\napinsp.dll
0x000007fef9d00000 - 0x000007fef9d19000 	C:\windows\system32\pnrpnsp.dll
0x000007fefcd90000 - 0x000007fefcde5000 	C:\windows\System32\mswsock.dll
0x000007fefcc10000 - 0x000007fefcc6b000 	C:\windows\system32\DNSAPI.dll
0x000007fef9cf0000 - 0x000007fef9cfb000 	C:\windows\System32\winrnr.dll
0x000007fefaeb0000 - 0x000007fefaed7000 	C:\windows\system32\IPHLPAPI.DLL
0x000007fefae40000 - 0x000007fefae4b000 	C:\windows\system32\WINNSI.DLL
0x000007fefa9c0000 - 0x000007fefaa13000 	C:\windows\System32\fwpuclnt.dll
0x000007fef92e0000 - 0x000007fef92e8000 	C:\windows\system32\rasadhlp.dll
0x000007fefc790000 - 0x000007fefc797000 	C:\windows\System32\wshtcpip.dll
0x00000000640a0000 - 0x00000000640b9000 	C:\Program Files\Java\jre7\bin\net.dll
0x000007fefcd80000 - 0x000007fefcd87000 	C:\windows\System32\wship6.dll
0x0000000064080000 - 0x0000000064091000 	C:\Program Files\Java\jre7\bin\nio.dll
0x000007fefa030000 - 0x000007fefa155000 	C:\windows\system32\dbghelp.dll

VM Arguments:
jvm_args: -agentlib:jdwp=transport=dt_socket,suspend=y,address=localhost:50247 -Dfile.encoding=UTF-8 
java_command: com.missionsky.scp.dataadapter.Main
Launcher Type: SUN_STANDARD

Environment Variables:
JAVA_HOME=D:\JDk
CLASSPATH=.D:\JDk\lib;D:\JDk\lib\tools.jar;
PATH=C:\windows\system32;C:\windows;C:\windows\System32\Wbem;C:\windowsJAVA_HOME\bin;JAVA_HOME\jre\bin;ATALINA_HOME\bin;\System32\WindowsPowerShell\v1.0\ \C:\Program Files\TortoiseGit\bin;D:\apache-maven-3.0.5\bin;HADOOP_HOME\bin;
USERNAME=Administrator
OS=Windows_NT
PROCESSOR_IDENTIFIER=Intel64 Family 6 Model 60 Stepping 3, GenuineIntel



---------------  S Y S T E M  ---------------

OS: Windows 7 , 64 bit Build 7601 Service Pack 1

CPU:total 4 (4 cores per cpu, 1 threads per core) family 6 model 60 stepping 3, cmov, cx8, fxsr, mmx, sse, sse2, sse3, ssse3, sse4.1, sse4.2, popcnt, avx, avx2, aes, erms, tsc, tscinvbit

Memory: 4k page, physical 8279660k(3736912k free), swap 16557456k(10325152k free)

vm_info: Java HotSpot(TM) 64-Bit Server VM (24.45-b08) for windows-amd64 JRE (1.7.0_45-b18), built on Oct  8 2013 05:47:22 by "java_re" with unknown MS VC++:1600

time: Mon Oct 20 13:58:54 2014
elapsed time: 14213 seconds

