#
# A fatal error has been detected by the Java Runtime Environment:
#
#  EXCEPTION_ACCESS_VIOLATION (0xc0000005) at pc=0x00000000638d248b, pid=3344, tid=436
#
# JRE version: Java(TM) SE Runtime Environment (7.0_45-b18) (build 1.7.0_45-b18)
# Java VM: Java HotSpot(TM) 64-Bit Server VM (24.45-b08 mixed mode windows-amd64 compressed oops)
# Problematic frame:
# V  [jvm.dll+0x14248b]
#
# Failed to write core dump. Minidumps are not enabled by default on client versions of Windows
#
# If you would like to submit a bug report, please visit:
#   http://bugreport.sun.com/bugreport/crash.jsp
#

---------------  T H R E A D  ---------------

Current thread (0x000000000c5b0800):  JavaThread "JDWP Transport Listener: dt_socket" daemon [_thread_in_vm, id=436, stack(0x000000000cfc0000,0x000000000d0c0000)]

siginfo: ExceptionCode=0xc0000005, reading address 0xffffffffffffffff

Registers:
RAX=0x000000000d0bf701, RBX=0x000000000c5b0800, RCX=0x7449574f43003b72, RDX=0x0000000000000000
RSP=0x000000000d0bf750, RBP=0x7449574f43003b72, RSI=0x000000000d0bf868, RDI=0x00000000026bd4e0
R8 =0x000000000c5b0800, R9 =0x2f668bbf041c009f, R10=0x0000000000000000, R11=0x000000000edfc53d
R12=0x0000000000000000, R13=0x000000000aeee298, R14=0x0000000000000000, R15=0x0000000000000000
RIP=0x00000000638d248b, EFLAGS=0x0000000000010206

Top of Stack: (sp=0x000000000d0bf750)
0x000000000d0bf750:   000000000c5b0800 0000000000000005
0x000000000d0bf760:   000000000d0bf818 0000000063a71039
0x000000000d0bf770:   000000000c5b0800 0000000063a8ebe2
0x000000000d0bf780:   0000000000000000 0000000064908e89
0x000000000d0bf790:   000000000dd8c4b8 000000006491265a
0x000000000d0bf7a0:   000000000c5b0800 0000000000000000
0x000000000d0bf7b0:   0000000000000000 0000000000000000
0x000000000d0bf7c0:   7449574f43003b72 0000000064911751
0x000000000d0bf7d0:   000000000d0bf868 000000000d0bf840
0x000000000d0bf7e0:   0000000000000001 000000000dd8c4b8
0x000000000d0bf7f0:   7449574f43003b72 00000000648f53b3
0x000000000d0bf800:   000000000d0bf930 0000000000000001
0x000000000d0bf810:   0000000000000001 000000000dd8c4b8
0x000000000d0bf820:   0000000000000009 0000000000000000
0x000000000d0bf830:   0000000000000000 0000000000000000
0x000000000d0bf840:   0000000000000001 00000000648f5571 

Instructions: (pc=0x00000000638d248b)
0x00000000638d246b:   48 8b 5c 24 30 48 89 47 18 48 83 c4 20 5f c3 cc
0x00000000638d247b:   cc cc cc cc cc 40 53 48 83 ec 20 48 85 c9 74 54
0x00000000638d248b:   48 8b 19 48 85 db 74 4c 48 b8 fe fe fe fe fe fe
0x00000000638d249b:   fe fe 48 3b d8 74 3d 80 3d 8f 87 60 00 00 74 15 


Register to memory mapping:

RAX=0x000000000d0bf701 is pointing into the stack for thread: 0x000000000c5b0800
RBX=0x000000000c5b0800 is a thread
RCX=0x7449574f43003b72 is an unknown value
RDX=0x0000000000000000 is an unknown value
RSP=0x000000000d0bf750 is pointing into the stack for thread: 0x000000000c5b0800
RBP=0x7449574f43003b72 is an unknown value
RSI=0x000000000d0bf868 is pointing into the stack for thread: 0x000000000c5b0800
RDI=0x00000000026bd4e0 is an unknown value
R8 =0x000000000c5b0800 is a thread
R9 =0x2f668bbf041c009f is an unknown value
R10=0x0000000000000000 is an unknown value
R11=0x000000000edfc53d is an unknown value
R12=0x0000000000000000 is an unknown value
R13=0x000000000aeee298 is an unknown value
R14=0x0000000000000000 is an unknown value
R15=0x0000000000000000 is an unknown value


Stack: [0x000000000cfc0000,0x000000000d0c0000],  sp=0x000000000d0bf750,  free space=1021k
Native frames: (J=compiled Java code, j=interpreted, Vv=VM code, C=native code)
V  [jvm.dll+0x14248b]


---------------  P R O C E S S  ---------------

Java Threads: ( => current thread )
  0x000000000dfa2000 JavaThread "Thread-2" daemon [_thread_in_native, id=5100, stack(0x000000000f9b0000,0x000000000fab0000)]
  0x00000000025bb000 JavaThread "DestroyJavaVM" [_thread_blocked, id=3840, stack(0x00000000029f0000,0x0000000002af0000)]
  0x000000000df40800 JavaThread "pool-1-thread-1" [_thread_blocked, id=6544, stack(0x000000000e4a0000,0x000000000e5a0000)]
  0x000000000c5dc800 JavaThread "Service Thread" daemon [_thread_blocked, id=4256, stack(0x000000000d8d0000,0x000000000d9d0000)]
  0x000000000c5d2800 JavaThread "C2 CompilerThread1" daemon [_thread_blocked, id=1384, stack(0x000000000d700000,0x000000000d800000)]
  0x000000000c5ce000 JavaThread "C2 CompilerThread0" daemon [_thread_blocked, id=3832, stack(0x000000000d220000,0x000000000d320000)]
  0x000000000c5bf800 JavaThread "JDWP Command Reader" daemon [_thread_in_native, id=4420, stack(0x000000000d4c0000,0x000000000d5c0000)]
  0x000000000c5bc000 JavaThread "JDWP Event Helper Thread" daemon [_thread_blocked, id=4588, stack(0x000000000d320000,0x000000000d420000)]
=>0x000000000c5b0800 JavaThread "JDWP Transport Listener: dt_socket" daemon [_thread_in_vm, id=436, stack(0x000000000cfc0000,0x000000000d0c0000)]
  0x000000000af47000 JavaThread "Attach Listener" daemon [_thread_blocked, id=6860, stack(0x000000000c4b0000,0x000000000c5b0000)]
  0x000000000af45800 JavaThread "Signal Dispatcher" daemon [_thread_blocked, id=3900, stack(0x000000000bf00000,0x000000000c000000)]
  0x000000000aed6800 JavaThread "Finalizer" daemon [_thread_blocked, id=4388, stack(0x000000000c2c0000,0x000000000c3c0000)]
  0x000000000aecf800 JavaThread "Reference Handler" daemon [_thread_blocked, id=6776, stack(0x000000000c1b0000,0x000000000c2b0000)]

Other Threads:
  0x000000000aecc000 VMThread [stack: 0x000000000c000000,0x000000000c100000] [id=6172]
  0x000000000c621000 WatcherThread [stack: 0x000000000da90000,0x000000000db90000] [id=5248]

VM state:not at safepoint (normal execution)

VM Mutex/Monitor currently owned by a thread: None

Heap
 PSYoungGen      total 38400K, used 25230K [0x00000007d5e00000, 0x00000007d8880000, 0x0000000800000000)
  eden space 33280K, 60% used [0x00000007d5e00000,0x00000007d71a6c60,0x00000007d7e80000)
  from space 5120K, 99% used [0x00000007d8380000,0x00000007d887cc10,0x00000007d8880000)
  to   space 5120K, 0% used [0x00000007d7e80000,0x00000007d7e80000,0x00000007d8380000)
 ParOldGen       total 86016K, used 2824K [0x0000000781a00000, 0x0000000786e00000, 0x00000007d5e00000)
  object space 86016K, 3% used [0x0000000781a00000,0x0000000781cc20d0,0x0000000786e00000)
 PSPermGen       total 21504K, used 19381K [0x000000077c800000, 0x000000077dd00000, 0x0000000781a00000)
  object space 21504K, 90% used [0x000000077c800000,0x000000077daed5f8,0x000000077dd00000)

Card table byte_map: [0x0000000005af0000,0x0000000005f10000] byte_map_base: 0x0000000001f0c000

Polling page: 0x0000000000130000

Code Cache  [0x0000000002af0000, 0x0000000002d60000, 0x0000000005af0000)
 total_blobs=520 nmethods=191 adapters=289 free_code_cache=48077Kb largest_free_block=49208640

Compilation events (10 events):
Event: 35.007 Thread 0x000000000c5d2800  191             java.util.concurrent.locks.AbstractOwnableSynchronizer::setExclusiveOwnerThread (6 bytes)
Event: 35.008 Thread 0x000000000c5d2800 nmethod 191 0x0000000002be55d0 code [0x0000000002be5700, 0x0000000002be5778]
Event: 35.048 Thread 0x000000000c5ce000  192             java.util.concurrent.ConcurrentHashMap$Segment::rehash (262 bytes)
Event: 35.052 Thread 0x000000000c5ce000 nmethod 192 0x0000000002be74d0 code [0x0000000002be7640, 0x0000000002be7cc8]
Event: 35.099 Thread 0x000000000c5d2800  193             java.nio.Buffer::checkIndex (22 bytes)
Event: 35.100 Thread 0x000000000c5d2800 nmethod 193 0x0000000002be7050 code [0x0000000002be7180, 0x0000000002be71f8]
Event: 35.100 Thread 0x000000000c5ce000  194             java.nio.DirectLongBufferU::ix (10 bytes)
Event: 35.100 Thread 0x000000000c5ce000 nmethod 194 0x0000000002b6c090 code [0x0000000002b6c1c0, 0x0000000002b6c238]
Event: 35.200 Thread 0x000000000c5d2800  195             java.lang.String::indexOf (25 bytes)
Event: 35.200 Thread 0x000000000c5d2800 nmethod 195 0x0000000002b6c550 code [0x0000000002b6c6a0, 0x0000000002b6c828]

GC Heap History (4 events):
Event: 33.024 GC heap before
{Heap before GC invocations=1 (full 0):
 PSYoungGen      total 38400K, used 33280K [0x00000007d5e00000, 0x00000007d8880000, 0x0000000800000000)
  eden space 33280K, 100% used [0x00000007d5e00000,0x00000007d7e80000,0x00000007d7e80000)
  from space 5120K, 0% used [0x00000007d8380000,0x00000007d8380000,0x00000007d8880000)
  to   space 5120K, 0% used [0x00000007d7e80000,0x00000007d7e80000,0x00000007d8380000)
 ParOldGen       total 86016K, used 0K [0x0000000781a00000, 0x0000000786e00000, 0x00000007d5e00000)
  object space 86016K, 0% used [0x0000000781a00000,0x0000000781a00000,0x0000000786e00000)
 PSPermGen       total 21504K, used 10369K [0x000000077c800000, 0x000000077dd00000, 0x0000000781a00000)
  object space 21504K, 48% used [0x000000077c800000,0x000000077d220560,0x000000077dd00000)
Event: 33.029 GC heap after
Heap after GC invocations=1 (full 0):
 PSYoungGen      total 38400K, used 5105K [0x00000007d5e00000, 0x00000007d8880000, 0x0000000800000000)
  eden space 33280K, 0% used [0x00000007d5e00000,0x00000007d5e00000,0x00000007d7e80000)
  from space 5120K, 99% used [0x00000007d7e80000,0x00000007d837c558,0x00000007d8380000)
  to   space 5120K, 0% used [0x00000007d8380000,0x00000007d8380000,0x00000007d8880000)
 ParOldGen       total 86016K, used 643K [0x0000000781a00000, 0x0000000786e00000, 0x00000007d5e00000)
  object space 86016K, 0% used [0x0000000781a00000,0x0000000781aa0c98,0x0000000786e00000)
 PSPermGen       total 21504K, used 10369K [0x000000077c800000, 0x000000077dd00000, 0x0000000781a00000)
  object space 21504K, 48% used [0x000000077c800000,0x000000077d220560,0x000000077dd00000)
}
Event: 34.647 GC heap before
{Heap before GC invocations=2 (full 0):
 PSYoungGen      total 38400K, used 38385K [0x00000007d5e00000, 0x00000007d8880000, 0x0000000800000000)
  eden space 33280K, 100% used [0x00000007d5e00000,0x00000007d7e80000,0x00000007d7e80000)
  from space 5120K, 99% used [0x00000007d7e80000,0x00000007d837c558,0x00000007d8380000)
  to   space 5120K, 0% used [0x00000007d8380000,0x00000007d8380000,0x00000007d8880000)
 ParOldGen       total 86016K, used 643K [0x0000000781a00000, 0x0000000786e00000, 0x00000007d5e00000)
  object space 86016K, 0% used [0x0000000781a00000,0x0000000781aa0c98,0x0000000786e00000)
 PSPermGen       total 21504K, used 15679K [0x000000077c800000, 0x000000077dd00000, 0x0000000781a00000)
  object space 21504K, 72% used [0x000000077c800000,0x000000077d74ff50,0x000000077dd00000)
Event: 34.654 GC heap after
Heap after GC invocations=2 (full 0):
 PSYoungGen      total 38400K, used 5107K [0x00000007d5e00000, 0x00000007d8880000, 0x0000000800000000)
  eden space 33280K, 0% used [0x00000007d5e00000,0x00000007d5e00000,0x00000007d7e80000)
  from space 5120K, 99% used [0x00000007d8380000,0x00000007d887cc10,0x00000007d8880000)
  to   space 5120K, 0% used [0x00000007d7e80000,0x00000007d7e80000,0x00000007d8380000)
 ParOldGen       total 86016K, used 2824K [0x0000000781a00000, 0x0000000786e00000, 0x00000007d5e00000)
  object space 86016K, 3% used [0x0000000781a00000,0x0000000781cc20d0,0x0000000786e00000)
 PSPermGen       total 21504K, used 15679K [0x000000077c800000, 0x000000077dd00000, 0x0000000781a00000)
  object space 21504K, 72% used [0x000000077c800000,0x000000077d74ff50,0x000000077dd00000)
}

Deoptimization events (5 events):
Event: 0.437 Thread 0x00000000025bb000 Uncommon trap: reason=null_check action=make_not_entrant pc=0x0000000002b67324 method=java.lang.String.equals(Ljava/lang/Object;)Z @ 8
Event: 11.555 Thread 0x000000000df40800 Uncommon trap: reason=class_check action=maybe_recompile pc=0x0000000002b71ebc method=java.lang.String.equals(Ljava/lang/Object;)Z @ 8
Event: 11.555 Thread 0x000000000df40800 Uncommon trap: reason=class_check action=maybe_recompile pc=0x0000000002b71ebc method=java.lang.String.equals(Ljava/lang/Object;)Z @ 8
Event: 11.682 Thread 0x000000000df40800 Uncommon trap: reason=unreached action=reinterpret pc=0x0000000002b837ec method=org.codehaus.jackson.sym.CharsToNameCanonicalizer.findSymbol([CIII)Ljava/lang/String; @ 125
Event: 11.682 Thread 0x000000000df40800 Uncommon trap: reason=unreached action=reinterpret pc=0x0000000002b85ed8 method=org.codehaus.jackson.sym.CharsToNameCanonicalizer.findSymbol([CIII)Ljava/lang/String; @ 45

Internal exceptions (10 events):
Event: 35.199 Thread 0x000000000df40800 Threw 0x00000007d6fe10c8 at C:\re\jdk7u45\229\hotspot\src\share\vm\prims\jvm.cpp:1244
Event: 35.201 Thread 0x000000000df40800 Threw 0x00000007d6fea630 at C:\re\jdk7u45\229\hotspot\src\share\vm\prims\jvm.cpp:1244
Event: 35.202 Thread 0x000000000df40800 Threw 0x00000007d6ff2950 at C:\re\jdk7u45\229\hotspot\src\share\vm\prims\jvm.cpp:1244
Event: 35.203 Thread 0x000000000df40800 Threw 0x00000007d6ffa850 at C:\re\jdk7u45\229\hotspot\src\share\vm\prims\jvm.cpp:1244
Event: 35.204 Thread 0x000000000df40800 Threw 0x00000007d7005020 at C:\re\jdk7u45\229\hotspot\src\share\vm\prims\jvm.cpp:1244
Event: 35.205 Thread 0x000000000df40800 Threw 0x00000007d700d4d8 at C:\re\jdk7u45\229\hotspot\src\share\vm\prims\jvm.cpp:1244
Event: 35.206 Thread 0x000000000df40800 Threw 0x00000007d70caaf0 at C:\re\jdk7u45\229\hotspot\src\share\vm\prims\jvm.cpp:1244
Event: 35.207 Thread 0x000000000df40800 Threw 0x00000007d70d37d0 at C:\re\jdk7u45\229\hotspot\src\share\vm\prims\jvm.cpp:1244
Event: 35.208 Thread 0x000000000df40800 Threw 0x00000007d70db5f8 at C:\re\jdk7u45\229\hotspot\src\share\vm\prims\jvm.cpp:1244
Event: 35.210 Thread 0x000000000df40800 Threw 0x00000007d70f4c30 at C:\re\jdk7u45\229\hotspot\src\share\vm\prims\jvm.cpp:1244

Events (10 events):
Event: 242.855 Executing VM operation: EnterInterpOnlyMode
Event: 242.855 Executing VM operation: EnterInterpOnlyMode done
Event: 242.855 Executing VM operation: GetCurrentLocation
Event: 242.855 Executing VM operation: GetCurrentLocation done
Event: 242.855 Executing VM operation: ChangeSingleStep
Event: 242.855 Executing VM operation: ChangeSingleStep done
Event: 242.856 Executing VM operation: ChangeSingleStep
Event: 242.856 Executing VM operation: ChangeSingleStep done
Event: 258.060 Executing VM operation: RedefineClasses
Event: 258.062 Executing VM operation: RedefineClasses done


Dynamic libraries:
0x000000013f220000 - 0x000000013f253000 	C:\Program Files\Java\jre7\bin\javaw.exe
0x0000000077330000 - 0x00000000774d9000 	C:\windows\SYSTEM32\ntdll.dll
0x0000000076af0000 - 0x0000000076c0f000 	C:\windows\system32\kernel32.dll
0x000007fefd620000 - 0x000007fefd68c000 	C:\windows\system32\KERNELBASE.dll
0x000007fefde40000 - 0x000007fefdf1b000 	C:\windows\system32\ADVAPI32.dll
0x000007fefe220000 - 0x000007fefe2bf000 	C:\windows\system32\msvcrt.dll
0x000007fefdf20000 - 0x000007fefdf3f000 	C:\windows\SYSTEM32\sechost.dll
0x000007fefdd10000 - 0x000007fefde3d000 	C:\windows\system32\RPCRT4.dll
0x0000000076eb0000 - 0x0000000076faa000 	C:\windows\system32\USER32.dll
0x000007fefdbf0000 - 0x000007fefdc57000 	C:\windows\system32\GDI32.dll
0x000007fefe210000 - 0x000007fefe21e000 	C:\windows\system32\LPK.dll
0x000007fefdad0000 - 0x000007fefdb99000 	C:\windows\system32\USP10.dll
0x000007fefbd20000 - 0x000007fefbf14000 	C:\windows\WinSxS\amd64_microsoft.windows.common-controls_6595b64144ccf1df_6.0.7601.17514_none_fa396087175ac9ac\COMCTL32.dll
0x000007fefdf50000 - 0x000007fefdfc1000 	C:\windows\system32\SHLWAPI.dll
0x000007fefdce0000 - 0x000007fefdd0e000 	C:\windows\system32\IMM32.DLL
0x000007feff260000 - 0x000007feff369000 	C:\windows\system32\MSCTF.dll
0x0000000063f60000 - 0x0000000064032000 	C:\Program Files\Java\jre7\bin\msvcr100.dll
0x0000000063790000 - 0x0000000063f59000 	C:\Program Files\Java\jre7\bin\server\jvm.dll
0x000007fefad10000 - 0x000007fefad19000 	C:\windows\system32\WSOCK32.dll
0x000007fefdba0000 - 0x000007fefdbed000 	C:\windows\system32\WS2_32.dll
0x000007fefdf40000 - 0x000007fefdf48000 	C:\windows\system32\NSI.dll
0x000007fefd6f0000 - 0x000007fefd72b000 	C:\windows\system32\WINMM.dll
0x00000000774f0000 - 0x00000000774f7000 	C:\windows\system32\PSAPI.DLL
0x0000000064110000 - 0x000000006411f000 	C:\Program Files\Java\jre7\bin\verify.dll
0x00000000640e0000 - 0x0000000064108000 	C:\Program Files\Java\jre7\bin\java.dll
0x00000000648f0000 - 0x0000000064925000 	C:\Program Files\Java\jre7\bin\jdwp.dll
0x000000006bcc0000 - 0x000000006bcc8000 	C:\Program Files\Java\jre7\bin\npt.dll
0x00000000640c0000 - 0x00000000640d5000 	C:\Program Files\Java\jre7\bin\zip.dll
0x0000000066b40000 - 0x0000000066b49000 	C:\Program Files\Java\jre7\bin\dt_socket.dll
0x000007fefc420000 - 0x000007fefc435000 	C:\windows\system32\NLAapi.dll
0x000007fef9f60000 - 0x000007fef9f75000 	C:\windows\system32\napinsp.dll
0x000007fef9d00000 - 0x000007fef9d19000 	C:\windows\system32\pnrpnsp.dll
0x000007fefcd90000 - 0x000007fefcde5000 	C:\windows\System32\mswsock.dll
0x000007fefcc10000 - 0x000007fefcc6b000 	C:\windows\system32\DNSAPI.dll
0x000007fef9cf0000 - 0x000007fef9cfb000 	C:\windows\System32\winrnr.dll
0x000007fefaeb0000 - 0x000007fefaed7000 	C:\windows\system32\IPHLPAPI.DLL
0x000007fefae40000 - 0x000007fefae4b000 	C:\windows\system32\WINNSI.DLL
0x000007fefa9c0000 - 0x000007fefaa13000 	C:\windows\System32\fwpuclnt.dll
0x000007fef92e0000 - 0x000007fef92e8000 	C:\windows\system32\rasadhlp.dll
0x000007fefc790000 - 0x000007fefc797000 	C:\windows\System32\wshtcpip.dll
0x00000000640a0000 - 0x00000000640b9000 	C:\Program Files\Java\jre7\bin\net.dll
0x000007fefcd80000 - 0x000007fefcd87000 	C:\windows\System32\wship6.dll
0x0000000064080000 - 0x0000000064091000 	C:\Program Files\Java\jre7\bin\nio.dll
0x0000000066a80000 - 0x0000000066a8b000 	C:\Program Files\Java\jre7\bin\management.dll
0x0000000066a70000 - 0x0000000066a79000 	C:\Program Files\Java\jre7\bin\w2k_lsa_auth.dll
0x000007fefd200000 - 0x000007fefd20b000 	C:\windows\system32\Secur32.dll
0x000007fefd3c0000 - 0x000007fefd3e5000 	C:\windows\system32\SSPICLI.DLL
0x000007fefa910000 - 0x000007fefa928000 	C:\windows\system32\dhcpcsvc.DLL
0x0000000066a60000 - 0x0000000066a69000 	C:\Program Files\Java\jre7\bin\jaas_nt.dll
0x000007fefcdf0000 - 0x000007fefce07000 	C:\windows\system32\CRYPTSP.dll
0x000007fefcaf0000 - 0x000007fefcb37000 	C:\windows\system32\rsaenh.dll
0x000007fefc8b0000 - 0x000007fefc8ce000 	C:\windows\system32\USERENV.dll
0x000007fefd560000 - 0x000007fefd56f000 	C:\windows\system32\profapi.dll
0x000007fefd450000 - 0x000007fefd45f000 	C:\windows\system32\CRYPTBASE.dll
0x000007fefa030000 - 0x000007fefa155000 	C:\windows\system32\dbghelp.dll

VM Arguments:
jvm_args: -agentlib:jdwp=transport=dt_socket,suspend=y,address=localhost:54721 -Dfile.encoding=UTF-8 
java_command: com.missionsky.scp.dataadapter.Main
Launcher Type: SUN_STANDARD

Environment Variables:
JAVA_HOME=D:\JDk
CLASSPATH=.D:\JDk\lib;D:\JDk\lib\tools.jar;
PATH=C:\windows\system32;C:\windows;C:\windows\System32\Wbem;C:\windowsJAVA_HOME\bin;JAVA_HOME\jre\bin;ATALINA_HOME\bin;\System32\WindowsPowerShell\v1.0\ \C:\Program Files\TortoiseGit\bin;D:\apache-maven-3.0.5\bin;HADOOP_HOME\bin;
USERNAME=Administrator
OS=Windows_NT
PROCESSOR_IDENTIFIER=Intel64 Family 6 Model 60 Stepping 3, GenuineIntel



---------------  S Y S T E M  ---------------

OS: Windows 7 , 64 bit Build 7601 Service Pack 1

CPU:total 4 (4 cores per cpu, 1 threads per core) family 6 model 60 stepping 3, cmov, cx8, fxsr, mmx, sse, sse2, sse3, ssse3, sse4.1, sse4.2, popcnt, avx, avx2, aes, erms, tsc, tscinvbit

Memory: 4k page, physical 8279660k(3638712k free), swap 16557456k(10337432k free)

vm_info: Java HotSpot(TM) 64-Bit Server VM (24.45-b08) for windows-amd64 JRE (1.7.0_45-b18), built on Oct  8 2013 05:47:22 by "java_re" with unknown MS VC++:1600

time: Mon Oct 20 14:14:26 2014
elapsed time: 258 seconds

